<?xml version="1.0" encoding="UTF-8"?>
<testng-results ignored="0" total="1" passed="1" failed="0" skipped="0">
  <reporter-output>
  </reporter-output>
  <suite started-at="2021-08-22T03:45:36Z" name="Suite" finished-at="2021-08-22T03:45:49Z" duration-ms="13437">
    <groups>
    </groups>
    <test started-at="2021-08-22T03:45:36Z" name="Test" finished-at="2021-08-22T03:45:49Z" duration-ms="13437">
      <class name="testPackage.NewTest">
        <test-method is-config="true" signature="beforeTest()[pri:0, instance:testPackage.NewTest@189cbd7c]" started-at="2021-08-22T03:45:36Z" name="beforeTest" finished-at="2021-08-22T03:45:49Z" duration-ms="13422" status="PASS">
          <reporter-output>
          </reporter-output>
        </test-method> <!-- beforeTest -->
        <test-method signature="lastly()[pri:0, instance:testPackage.NewTest@189cbd7c]" started-at="2021-08-22T03:45:49Z" name="lastly" finished-at="2021-08-22T03:45:49Z" duration-ms="1" status="PASS">
          <reporter-output>
          </reporter-output>
        </test-method> <!-- lastly -->
      </class> <!-- testPackage.NewTest -->
    </test> <!-- Test -->
  </suite> <!-- Suite -->
</testng-results>
