<?xml version="1.0" encoding="UTF-8"?>
<testng-results ignored="0" total="1" passed="1" failed="0" skipped="0">
  <reporter-output>
  </reporter-output>
  <suite started-at="2021-08-22T08:45:12 EDT" name="Default suite" finished-at="2021-08-22T08:45:25 EDT" duration-ms="12914">
    <groups>
    </groups>
    <test started-at="2021-08-22T08:45:12 EDT" name="Default test" finished-at="2021-08-22T08:45:25 EDT" duration-ms="12914">
      <class name="testNGPackage.NewTest">
        <test-method is-config="true" signature="beforeTest()[pri:0, instance:testNGPackage.NewTest@5acf93bb]" started-at="2021-08-22T08:45:12 EDT" name="beforeTest" finished-at="2021-08-22T08:45:25 EDT" duration-ms="12867" status="PASS">
          <reporter-output>
          </reporter-output>
        </test-method> <!-- beforeTest -->
        <test-method signature="lastly()[pri:0, instance:testNGPackage.NewTest@5acf93bb]" started-at="2021-08-22T08:45:25 EDT" name="lastly" finished-at="2021-08-22T08:45:25 EDT" duration-ms="4" status="PASS">
          <reporter-output>
          </reporter-output>
        </test-method> <!-- lastly -->
      </class> <!-- testNGPackage.NewTest -->
    </test> <!-- Default test -->
  </suite> <!-- Default suite -->
</testng-results>
